0 info it worked if it ends with ok
1 verbose cli [ '/usr/local/bin/node',
1 verbose cli   '/usr/local/bin/npm',
1 verbose cli   'install',
1 verbose cli   '-g',
1 verbose cli   'gulp' ]
2 info using npm@3.10.10
3 info using node@v6.11.2
4 silly loadCurrentTree Starting
5 silly install loadCurrentTree
6 silly install readGlobalPackageData
7 silly fetchPackageMetaData gulp
8 silly fetchNamedPackageData gulp
9 silly mapToRegistry name gulp
10 silly mapToRegistry using default registry
11 silly mapToRegistry registry https://registry.npmjs.org/
12 silly mapToRegistry data Result {
12 silly mapToRegistry   raw: 'gulp',
12 silly mapToRegistry   scope: null,
12 silly mapToRegistry   escapedName: 'gulp',
12 silly mapToRegistry   name: 'gulp',
12 silly mapToRegistry   rawSpec: '',
12 silly mapToRegistry   spec: 'latest',
12 silly mapToRegistry   type: 'tag' }
13 silly mapToRegistry uri https://registry.npmjs.org/gulp
14 verbose request uri https://registry.npmjs.org/gulp
15 verbose request no auth needed
16 info attempt registry request try #1 at 10:15:28
17 verbose request id 121a61817711c3ae
18 http request GET https://registry.npmjs.org/gulp
19 http 200 https://registry.npmjs.org/gulp
20 verbose headers { server: 'nginx/1.10.1',
20 verbose headers   'content-type': 'application/json',
20 verbose headers   'last-modified': 'Thu, 05 Oct 2017 11:40:11 GMT',
20 verbose headers   etag: 'W/"59d61a1b-1d863"',
20 verbose headers   'content-encoding': 'gzip',
20 verbose headers   'cache-control': 'max-age=300',
20 verbose headers   'content-length': '18177',
20 verbose headers   'accept-ranges': 'bytes',
20 verbose headers   date: 'Sun, 08 Oct 2017 07:15:27 GMT',
20 verbose headers   via: '1.1 varnish',
20 verbose headers   age: '11',
20 verbose headers   connection: 'keep-alive',
20 verbose headers   'x-served-by': 'cache-bma7035-BMA',
20 verbose headers   'x-cache': 'HIT',
20 verbose headers   'x-cache-hits': '1',
20 verbose headers   'x-timer': 'S1507446928.692282,VS0,VE0',
20 verbose headers   vary: 'Accept-Encoding, Accept' }
21 silly get cb [ 200,
21 silly get   { server: 'nginx/1.10.1',
21 silly get     'content-type': 'application/json',
21 silly get     'last-modified': 'Thu, 05 Oct 2017 11:40:11 GMT',
21 silly get     etag: 'W/"59d61a1b-1d863"',
21 silly get     'content-encoding': 'gzip',
21 silly get     'cache-control': 'max-age=300',
21 silly get     'content-length': '18177',
21 silly get     'accept-ranges': 'bytes',
21 silly get     date: 'Sun, 08 Oct 2017 07:15:27 GMT',
21 silly get     via: '1.1 varnish',
21 silly get     age: '11',
21 silly get     connection: 'keep-alive',
21 silly get     'x-served-by': 'cache-bma7035-BMA',
21 silly get     'x-cache': 'HIT',
21 silly get     'x-cache-hits': '1',
21 silly get     'x-timer': 'S1507446928.692282,VS0,VE0',
21 silly get     vary: 'Accept-Encoding, Accept' } ]
22 verbose get saving gulp to /Users/user/.npm/registry.npmjs.org/gulp/.cache.json
23 verbose correctMkdir /Users/user/.npm correctMkdir not in flight; initializing
24 silly install normalizeTree
25 silly loadCurrentTree Finishing
26 silly loadIdealTree Starting
27 silly install loadIdealTree
28 silly cloneCurrentTree Starting
29 silly install cloneCurrentTreeToIdealTree
30 silly cloneCurrentTree Finishing
31 silly loadShrinkwrap Starting
32 silly install loadShrinkwrap
33 silly loadShrinkwrap Finishing
34 silly loadAllDepsIntoIdealTree Starting
35 silly install loadAllDepsIntoIdealTree
36 silly resolveWithNewModule gulp@3.9.1 checking installable status
37 silly cache add args [ 'gulp', null ]
38 verbose cache add spec gulp
39 silly cache add parsed spec Result {
39 silly cache add   raw: 'gulp',
39 silly cache add   scope: null,
39 silly cache add   escapedName: 'gulp',
39 silly cache add   name: 'gulp',
39 silly cache add   rawSpec: '',
39 silly cache add   spec: 'latest',
39 silly cache add   type: 'tag' }
40 silly addNamed gulp@latest
41 verbose addNamed "latest" is being treated as a dist-tag for gulp
42 info addNameTag [ 'gulp', 'latest' ]
43 silly mapToRegistry name gulp
44 silly mapToRegistry using default registry
45 silly mapToRegistry registry https://registry.npmjs.org/
46 silly mapToRegistry data Result {
46 silly mapToRegistry   raw: 'gulp',
46 silly mapToRegistry   scope: null,
46 silly mapToRegistry   escapedName: 'gulp',
46 silly mapToRegistry   name: 'gulp',
46 silly mapToRegistry   rawSpec: '',
46 silly mapToRegistry   spec: 'latest',
46 silly mapToRegistry   type: 'tag' }
47 silly mapToRegistry uri https://registry.npmjs.org/gulp
48 verbose addNameTag registry:https://registry.npmjs.org/gulp not in flight; fetching
49 verbose request uri https://registry.npmjs.org/gulp
50 verbose request no auth needed
51 info attempt registry request try #1 at 10:15:28
52 http request GET https://registry.npmjs.org/gulp
53 http 200 https://registry.npmjs.org/gulp
54 verbose headers { server: 'nginx/1.10.1',
54 verbose headers   'content-type': 'application/json',
54 verbose headers   'last-modified': 'Thu, 05 Oct 2017 11:40:11 GMT',
54 verbose headers   etag: 'W/"59d61a1b-1d863"',
54 verbose headers   'content-encoding': 'gzip',
54 verbose headers   'cache-control': 'max-age=300',
54 verbose headers   'content-length': '18177',
54 verbose headers   'accept-ranges': 'bytes',
54 verbose headers   date: 'Sun, 08 Oct 2017 07:15:27 GMT',
54 verbose headers   via: '1.1 varnish',
54 verbose headers   age: '11',
54 verbose headers   connection: 'keep-alive',
54 verbose headers   'x-served-by': 'cache-bma7035-BMA',
54 verbose headers   'x-cache': 'HIT',
54 verbose headers   'x-cache-hits': '2',
54 verbose headers   'x-timer': 'S1507446928.939480,VS0,VE0',
54 verbose headers   vary: 'Accept-Encoding, Accept' }
55 silly get cb [ 200,
55 silly get   { server: 'nginx/1.10.1',
55 silly get     'content-type': 'application/json',
55 silly get     'last-modified': 'Thu, 05 Oct 2017 11:40:11 GMT',
55 silly get     etag: 'W/"59d61a1b-1d863"',
55 silly get     'content-encoding': 'gzip',
55 silly get     'cache-control': 'max-age=300',
55 silly get     'content-length': '18177',
55 silly get     'accept-ranges': 'bytes',
55 silly get     date: 'Sun, 08 Oct 2017 07:15:27 GMT',
55 silly get     via: '1.1 varnish',
55 silly get     age: '11',
55 silly get     connection: 'keep-alive',
55 silly get     'x-served-by': 'cache-bma7035-BMA',
55 silly get     'x-cache': 'HIT',
55 silly get     'x-cache-hits': '2',
55 silly get     'x-timer': 'S1507446928.939480,VS0,VE0',
55 silly get     vary: 'Accept-Encoding, Accept' } ]
56 verbose get saving gulp to /Users/user/.npm/registry.npmjs.org/gulp/.cache.json
57 verbose correctMkdir /Users/user/.npm correctMkdir not in flight; initializing
58 silly addNameTag next cb for gulp with tag latest
59 silly addNamed gulp@3.9.1
60 verbose addNamed "3.9.1" is a plain semver version for gulp
61 silly mapToRegistry name gulp
62 silly mapToRegistry using default registry
63 silly mapToRegistry registry https://registry.npmjs.org/
64 silly mapToRegistry data Result {
64 silly mapToRegistry   raw: 'gulp',
64 silly mapToRegistry   scope: null,
64 silly mapToRegistry   escapedName: 'gulp',
64 silly mapToRegistry   name: 'gulp',
64 silly mapToRegistry   rawSpec: '',
64 silly mapToRegistry   spec: 'latest',
64 silly mapToRegistry   type: 'tag' }
65 silly mapToRegistry uri https://registry.npmjs.org/gulp
66 verbose addRemoteTarball https://registry.npmjs.org/gulp/-/gulp-3.9.1.tgz not in flight; adding
67 verbose addRemoteTarball [ 'https://registry.npmjs.org/gulp/-/gulp-3.9.1.tgz',
67 verbose addRemoteTarball   '571ce45928dd40af6514fc4011866016c13845b4' ]
68 info retry fetch attempt 1 at 10:15:28
69 info attempt registry request try #1 at 10:15:28
70 http fetch GET https://registry.npmjs.org/gulp/-/gulp-3.9.1.tgz
71 http fetch 200 https://registry.npmjs.org/gulp/-/gulp-3.9.1.tgz
72 silly fetchAndShaCheck shasum 571ce45928dd40af6514fc4011866016c13845b4
73 verbose addTmpTarball /var/folders/j5/wc6m_chj23x767byvc6ps_kw0000gn/T/npm-25926-3d459d96/registry.npmjs.org/gulp/-/gulp-3.9.1.tgz not in flight; adding
74 verbose addTmpTarball already have metadata; skipping unpack for gulp@3.9.1
75 verbose correctMkdir /Users/user/.npm correctMkdir not in flight; initializing
76 silly rollbackFailedOptional Starting
77 silly rollbackFailedOptional Finishing
78 silly runTopLevelLifecycles Finishing
79 silly install printInstalled
80 verbose stack Error: EACCES: permission denied, mkdir '/Users/user/.npm/gulp'
80 verbose stack     at Error (native)
81 verbose cwd /Users/user/Documents/Webdev/BJJKouvola
82 error Darwin 15.6.0
83 error argv "/usr/local/bin/node" "/usr/local/bin/npm" "install" "-g" "gulp"
84 error node v6.11.2
85 error npm  v3.10.10
86 error path /Users/user/.npm/gulp
87 error code EACCES
88 error errno -13
89 error syscall mkdir
90 error Error: EACCES: permission denied, mkdir '/Users/user/.npm/gulp'
90 error     at Error (native)
90 error  { Error: EACCES: permission denied, mkdir '/Users/user/.npm/gulp'
90 error     at Error (native)
90 error   errno: -13,
90 error   code: 'EACCES',
90 error   syscall: 'mkdir',
90 error   path: '/Users/user/.npm/gulp' }
91 error Please try running this command again as root/Administrator.
92 verbose exit [ -13, true ]
